2021-06-26 18:18:18 INFO  NetworkConfig:372 - loading properties from file D:\Projects\Eclipse-Projects\eclipse-workspace-iss2020ProjectBO\sprint1\it.unibo.qak20.robotroommap\Californium.properties
2021-06-26 18:18:18 INFO  RandomTokenGenerator:55 - using tokens of 8 bytes in length
2021-06-26 18:18:18 INFO  CoapEndpoint:423 - CoapEndpoint uses udp plain
2021-06-26 18:18:18 INFO  BlockwiseLayer:207 - BlockwiseLayer uses MAX_MESSAGE_SIZE=1024, PREFERRED_BLOCK_SIZE=512, BLOCKWISE_STATUS_LIFETIME=300000 and MAX_RESOURCE_BODY_SIZE=8192
2021-06-26 18:18:18 INFO  ReliabilityLayer:83 - ReliabilityLayer uses ACK_TIMEOUT=2000, ACK_RANDOM_FACTOR=1.5, and ACK_TIMEOUT_SCALE=2.0
2021-06-26 18:18:18 INFO  CoapServer:207 - Starting server
2021-06-26 18:18:18 INFO  UDPConnector:161 - UDPConnector starts up 6 sender threads and 6 receiver threads
2021-06-26 18:18:18 INFO  UDPConnector:187 - UDPConnector listening on 0.0.0.0/0.0.0.0:8030, recv buf = 65536, send buf = 65536, recv packet size = 2048
2021-06-26 18:18:18 INFO  CoapEndpoint:485 - Started endpoint at coap://0.0.0.0:8030
2021-06-26 18:19:31 INFO  NetworkConfig:372 - loading properties from file D:\Projects\Eclipse-Projects\eclipse-workspace-iss2020ProjectBO\sprint1\it.unibo.qak20.robotroommap\Californium.properties
2021-06-26 18:19:32 INFO  RandomTokenGenerator:55 - using tokens of 8 bytes in length
2021-06-26 18:19:32 INFO  CoapEndpoint:423 - CoapEndpoint uses udp plain
2021-06-26 18:19:32 INFO  BlockwiseLayer:207 - BlockwiseLayer uses MAX_MESSAGE_SIZE=1024, PREFERRED_BLOCK_SIZE=512, BLOCKWISE_STATUS_LIFETIME=300000 and MAX_RESOURCE_BODY_SIZE=8192
2021-06-26 18:19:32 INFO  ReliabilityLayer:83 - ReliabilityLayer uses ACK_TIMEOUT=2000, ACK_RANDOM_FACTOR=1.5, and ACK_TIMEOUT_SCALE=2.0
2021-06-26 18:19:32 INFO  CoapServer:207 - Starting server
2021-06-26 18:19:32 INFO  CoapEndpoint:515 - Stopping endpoint at coap://0.0.0.0:8030
2021-06-26 18:19:32 ERROR CoapServer:226 - cannot start server endpoint [0.0.0.0/0.0.0.0:8030]
java.net.BindException: Address already in use: Cannot bind
	at java.net.DualStackPlainDatagramSocketImpl.socketBind(Native Method)
	at java.net.DualStackPlainDatagramSocketImpl.bind0(Unknown Source)
	at java.net.AbstractPlainDatagramSocketImpl.bind(Unknown Source)
	at java.net.DatagramSocket.bind(Unknown Source)
	at java.net.DatagramSocket.<init>(Unknown Source)
	at java.net.DatagramSocket.<init>(Unknown Source)
	at org.eclipse.californium.elements.UDPConnector.start(UDPConnector.java:144)
	at org.eclipse.californium.core.network.CoapEndpoint.start(CoapEndpoint.java:480)
	at org.eclipse.californium.core.CoapServer.start(CoapServer.java:222)
	at it.unibo.kactor.QakContext.<init>(QakContext.kt:64)
	at it.unibo.kactor.QakContext.<init>(QakContext.kt:12)
	at it.unibo.kactor.sysUtil.createTheContext(sysUtil.kt:136)
	at it.unibo.kactor.sysUtil.createContexts(sysUtil.kt:99)
	at it.unibo.kactor.QakContext$Companion.createContexts(QakContext.kt:32)
	at it.unibo.ctxmappingwalker.MainCtxmappingwalkerKt$main$1.invokeSuspend(MainCtxmappingwalker.kt:8)
	at kotlin.coroutines.jvm.internal.BaseContinuationImpl.resumeWith(ContinuationImpl.kt:33)
	at kotlinx.coroutines.DispatchedTask.run(Dispatched.kt:233)
	at kotlinx.coroutines.EventLoopImplBase.processNextEvent(EventLoop.kt:116)
	at kotlinx.coroutines.BlockingCoroutine.joinBlocking(Builders.kt:76)
	at kotlinx.coroutines.BuildersKt__BuildersKt.runBlocking(Builders.kt:53)
	at kotlinx.coroutines.BuildersKt.runBlocking(Unknown Source)
	at kotlinx.coroutines.BuildersKt__BuildersKt.runBlocking$default(Builders.kt:35)
	at kotlinx.coroutines.BuildersKt.runBlocking$default(Unknown Source)
	at it.unibo.ctxmappingwalker.MainCtxmappingwalkerKt.main(MainCtxmappingwalker.kt:7)
	at it.unibo.ctxmappingwalker.MainCtxmappingwalkerKt.main(MainCtxmappingwalker.kt)
2021-06-26 18:20:16 INFO  NetworkConfig:372 - loading properties from file D:\Projects\Eclipse-Projects\eclipse-workspace-iss2020ProjectBO\sprint1\it.unibo.qak20.robotroommap\Californium.properties
2021-06-26 18:20:17 INFO  RandomTokenGenerator:55 - using tokens of 8 bytes in length
2021-06-26 18:20:17 INFO  CoapEndpoint:423 - CoapEndpoint uses udp plain
2021-06-26 18:20:17 INFO  BlockwiseLayer:207 - BlockwiseLayer uses MAX_MESSAGE_SIZE=1024, PREFERRED_BLOCK_SIZE=512, BLOCKWISE_STATUS_LIFETIME=300000 and MAX_RESOURCE_BODY_SIZE=8192
2021-06-26 18:20:17 INFO  ReliabilityLayer:83 - ReliabilityLayer uses ACK_TIMEOUT=2000, ACK_RANDOM_FACTOR=1.5, and ACK_TIMEOUT_SCALE=2.0
2021-06-26 18:20:17 INFO  CoapServer:207 - Starting server
2021-06-26 18:20:17 INFO  CoapEndpoint:515 - Stopping endpoint at coap://0.0.0.0:8030
2021-06-26 18:20:17 ERROR CoapServer:226 - cannot start server endpoint [0.0.0.0/0.0.0.0:8030]
java.net.BindException: Address already in use: Cannot bind
	at java.net.DualStackPlainDatagramSocketImpl.socketBind(Native Method)
	at java.net.DualStackPlainDatagramSocketImpl.bind0(Unknown Source)
	at java.net.AbstractPlainDatagramSocketImpl.bind(Unknown Source)
	at java.net.DatagramSocket.bind(Unknown Source)
	at java.net.DatagramSocket.<init>(Unknown Source)
	at java.net.DatagramSocket.<init>(Unknown Source)
	at org.eclipse.californium.elements.UDPConnector.start(UDPConnector.java:144)
	at org.eclipse.californium.core.network.CoapEndpoint.start(CoapEndpoint.java:480)
	at org.eclipse.californium.core.CoapServer.start(CoapServer.java:222)
	at it.unibo.kactor.QakContext.<init>(QakContext.kt:64)
	at it.unibo.kactor.QakContext.<init>(QakContext.kt:12)
	at it.unibo.kactor.sysUtil.createTheContext(sysUtil.kt:136)
	at it.unibo.kactor.sysUtil.createContexts(sysUtil.kt:99)
	at it.unibo.kactor.QakContext$Companion.createContexts(QakContext.kt:32)
	at it.unibo.ctxmappingwalker.MainCtxmappingwalkerKt$main$1.invokeSuspend(MainCtxmappingwalker.kt:8)
	at kotlin.coroutines.jvm.internal.BaseContinuationImpl.resumeWith(ContinuationImpl.kt:33)
	at kotlinx.coroutines.DispatchedTask.run(Dispatched.kt:233)
	at kotlinx.coroutines.EventLoopImplBase.processNextEvent(EventLoop.kt:116)
	at kotlinx.coroutines.BlockingCoroutine.joinBlocking(Builders.kt:76)
	at kotlinx.coroutines.BuildersKt__BuildersKt.runBlocking(Builders.kt:53)
	at kotlinx.coroutines.BuildersKt.runBlocking(Unknown Source)
	at kotlinx.coroutines.BuildersKt__BuildersKt.runBlocking$default(Builders.kt:35)
	at kotlinx.coroutines.BuildersKt.runBlocking$default(Unknown Source)
	at it.unibo.ctxmappingwalker.MainCtxmappingwalkerKt.main(MainCtxmappingwalker.kt:7)
	at it.unibo.ctxmappingwalker.MainCtxmappingwalkerKt.main(MainCtxmappingwalker.kt)
2021-06-26 18:22:17 INFO  NetworkConfig:372 - loading properties from file D:\Projects\Eclipse-Projects\eclipse-workspace-iss2020ProjectBO\sprint1\it.unibo.qak20.robotroommap\Californium.properties
2021-06-26 18:22:17 INFO  RandomTokenGenerator:55 - using tokens of 8 bytes in length
2021-06-26 18:22:17 INFO  CoapEndpoint:423 - CoapEndpoint uses udp plain
2021-06-26 18:22:17 INFO  BlockwiseLayer:207 - BlockwiseLayer uses MAX_MESSAGE_SIZE=1024, PREFERRED_BLOCK_SIZE=512, BLOCKWISE_STATUS_LIFETIME=300000 and MAX_RESOURCE_BODY_SIZE=8192
2021-06-26 18:22:17 INFO  ReliabilityLayer:83 - ReliabilityLayer uses ACK_TIMEOUT=2000, ACK_RANDOM_FACTOR=1.5, and ACK_TIMEOUT_SCALE=2.0
2021-06-26 18:22:17 INFO  CoapServer:207 - Starting server
2021-06-26 18:22:17 INFO  CoapEndpoint:515 - Stopping endpoint at coap://0.0.0.0:8030
2021-06-26 18:22:17 ERROR CoapServer:226 - cannot start server endpoint [0.0.0.0/0.0.0.0:8030]
java.net.BindException: Address already in use: Cannot bind
	at java.net.DualStackPlainDatagramSocketImpl.socketBind(Native Method)
	at java.net.DualStackPlainDatagramSocketImpl.bind0(Unknown Source)
	at java.net.AbstractPlainDatagramSocketImpl.bind(Unknown Source)
	at java.net.DatagramSocket.bind(Unknown Source)
	at java.net.DatagramSocket.<init>(Unknown Source)
	at java.net.DatagramSocket.<init>(Unknown Source)
	at org.eclipse.californium.elements.UDPConnector.start(UDPConnector.java:144)
	at org.eclipse.californium.core.network.CoapEndpoint.start(CoapEndpoint.java:480)
	at org.eclipse.californium.core.CoapServer.start(CoapServer.java:222)
	at it.unibo.kactor.QakContext.<init>(QakContext.kt:64)
	at it.unibo.kactor.QakContext.<init>(QakContext.kt:12)
	at it.unibo.kactor.sysUtil.createTheContext(sysUtil.kt:136)
	at it.unibo.kactor.sysUtil.createContexts(sysUtil.kt:99)
	at it.unibo.kactor.QakContext$Companion.createContexts(QakContext.kt:32)
	at it.unibo.ctxmappingwalker.MainCtxmappingwalkerKt$main$1.invokeSuspend(MainCtxmappingwalker.kt:8)
	at kotlin.coroutines.jvm.internal.BaseContinuationImpl.resumeWith(ContinuationImpl.kt:33)
	at kotlinx.coroutines.DispatchedTask.run(Dispatched.kt:233)
	at kotlinx.coroutines.EventLoopImplBase.processNextEvent(EventLoop.kt:116)
	at kotlinx.coroutines.BlockingCoroutine.joinBlocking(Builders.kt:76)
	at kotlinx.coroutines.BuildersKt__BuildersKt.runBlocking(Builders.kt:53)
	at kotlinx.coroutines.BuildersKt.runBlocking(Unknown Source)
	at kotlinx.coroutines.BuildersKt__BuildersKt.runBlocking$default(Builders.kt:35)
	at kotlinx.coroutines.BuildersKt.runBlocking$default(Unknown Source)
	at it.unibo.ctxmappingwalker.MainCtxmappingwalkerKt.main(MainCtxmappingwalker.kt:7)
	at it.unibo.ctxmappingwalker.MainCtxmappingwalkerKt.main(MainCtxmappingwalker.kt)
2021-06-26 18:31:25 INFO  NetworkConfig:372 - loading properties from file D:\Projects\Eclipse-Projects\eclipse-workspace-iss2020ProjectBO\sprint1\it.unibo.qak20.robotroommap\Californium.properties
2021-06-26 18:31:26 INFO  RandomTokenGenerator:55 - using tokens of 8 bytes in length
2021-06-26 18:31:26 INFO  CoapEndpoint:423 - CoapEndpoint uses udp plain
2021-06-26 18:31:26 INFO  BlockwiseLayer:207 - BlockwiseLayer uses MAX_MESSAGE_SIZE=1024, PREFERRED_BLOCK_SIZE=512, BLOCKWISE_STATUS_LIFETIME=300000 and MAX_RESOURCE_BODY_SIZE=8192
2021-06-26 18:31:26 INFO  ReliabilityLayer:83 - ReliabilityLayer uses ACK_TIMEOUT=2000, ACK_RANDOM_FACTOR=1.5, and ACK_TIMEOUT_SCALE=2.0
2021-06-26 18:31:26 INFO  CoapServer:207 - Starting server
2021-06-26 18:31:26 INFO  CoapEndpoint:515 - Stopping endpoint at coap://0.0.0.0:8030
2021-06-26 18:31:26 ERROR CoapServer:226 - cannot start server endpoint [0.0.0.0/0.0.0.0:8030]
java.net.BindException: Address already in use: Cannot bind
	at java.net.DualStackPlainDatagramSocketImpl.socketBind(Native Method)
	at java.net.DualStackPlainDatagramSocketImpl.bind0(Unknown Source)
	at java.net.AbstractPlainDatagramSocketImpl.bind(Unknown Source)
	at java.net.DatagramSocket.bind(Unknown Source)
	at java.net.DatagramSocket.<init>(Unknown Source)
	at java.net.DatagramSocket.<init>(Unknown Source)
	at org.eclipse.californium.elements.UDPConnector.start(UDPConnector.java:144)
	at org.eclipse.californium.core.network.CoapEndpoint.start(CoapEndpoint.java:480)
	at org.eclipse.californium.core.CoapServer.start(CoapServer.java:222)
	at it.unibo.kactor.QakContext.<init>(QakContext.kt:64)
	at it.unibo.kactor.QakContext.<init>(QakContext.kt:12)
	at it.unibo.kactor.sysUtil.createTheContext(sysUtil.kt:136)
	at it.unibo.kactor.sysUtil.createContexts(sysUtil.kt:99)
	at it.unibo.kactor.QakContext$Companion.createContexts(QakContext.kt:32)
	at it.unibo.ctxmappingwalker.MainCtxmappingwalkerKt$main$1.invokeSuspend(MainCtxmappingwalker.kt:8)
	at kotlin.coroutines.jvm.internal.BaseContinuationImpl.resumeWith(ContinuationImpl.kt:33)
	at kotlinx.coroutines.DispatchedTask.run(Dispatched.kt:233)
	at kotlinx.coroutines.EventLoopImplBase.processNextEvent(EventLoop.kt:116)
	at kotlinx.coroutines.BlockingCoroutine.joinBlocking(Builders.kt:76)
	at kotlinx.coroutines.BuildersKt__BuildersKt.runBlocking(Builders.kt:53)
	at kotlinx.coroutines.BuildersKt.runBlocking(Unknown Source)
	at kotlinx.coroutines.BuildersKt__BuildersKt.runBlocking$default(Builders.kt:35)
	at kotlinx.coroutines.BuildersKt.runBlocking$default(Unknown Source)
	at it.unibo.ctxmappingwalker.MainCtxmappingwalkerKt.main(MainCtxmappingwalker.kt:7)
	at it.unibo.ctxmappingwalker.MainCtxmappingwalkerKt.main(MainCtxmappingwalker.kt)
2021-06-26 18:33:38 INFO  NetworkConfig:372 - loading properties from file D:\Projects\Eclipse-Projects\eclipse-workspace-iss2020ProjectBO\sprint1\it.unibo.qak20.robotroommap\Californium.properties
2021-06-26 18:33:38 INFO  RandomTokenGenerator:55 - using tokens of 8 bytes in length
2021-06-26 18:33:38 INFO  CoapEndpoint:423 - CoapEndpoint uses udp plain
2021-06-26 18:33:38 INFO  BlockwiseLayer:207 - BlockwiseLayer uses MAX_MESSAGE_SIZE=1024, PREFERRED_BLOCK_SIZE=512, BLOCKWISE_STATUS_LIFETIME=300000 and MAX_RESOURCE_BODY_SIZE=8192
2021-06-26 18:33:38 INFO  ReliabilityLayer:83 - ReliabilityLayer uses ACK_TIMEOUT=2000, ACK_RANDOM_FACTOR=1.5, and ACK_TIMEOUT_SCALE=2.0
2021-06-26 18:33:38 INFO  CoapServer:207 - Starting server
2021-06-26 18:33:38 INFO  UDPConnector:161 - UDPConnector starts up 6 sender threads and 6 receiver threads
2021-06-26 18:33:38 INFO  UDPConnector:187 - UDPConnector listening on 0.0.0.0/0.0.0.0:8030, recv buf = 65536, send buf = 65536, recv packet size = 2048
2021-06-26 18:33:38 INFO  CoapEndpoint:485 - Started endpoint at coap://0.0.0.0:8030
2021-06-26 18:37:57 INFO  NetworkConfig:372 - loading properties from file D:\Projects\Eclipse-Projects\eclipse-workspace-iss2020ProjectBO\sprint1\it.unibo.qak20.robotroommap\Californium.properties
2021-06-26 18:37:57 INFO  RandomTokenGenerator:55 - using tokens of 8 bytes in length
2021-06-26 18:37:57 INFO  CoapEndpoint:423 - CoapEndpoint uses udp plain
2021-06-26 18:37:57 INFO  BlockwiseLayer:207 - BlockwiseLayer uses MAX_MESSAGE_SIZE=1024, PREFERRED_BLOCK_SIZE=512, BLOCKWISE_STATUS_LIFETIME=300000 and MAX_RESOURCE_BODY_SIZE=8192
2021-06-26 18:37:57 INFO  ReliabilityLayer:83 - ReliabilityLayer uses ACK_TIMEOUT=2000, ACK_RANDOM_FACTOR=1.5, and ACK_TIMEOUT_SCALE=2.0
2021-06-26 18:37:57 INFO  CoapServer:207 - Starting server
2021-06-26 18:37:57 INFO  UDPConnector:161 - UDPConnector starts up 6 sender threads and 6 receiver threads
2021-06-26 18:37:57 INFO  UDPConnector:187 - UDPConnector listening on 0.0.0.0/0.0.0.0:8068, recv buf = 65536, send buf = 65536, recv packet size = 2048
2021-06-26 18:37:57 INFO  CoapEndpoint:485 - Started endpoint at coap://0.0.0.0:8068
2021-06-26 18:39:16 INFO  NetworkConfig:372 - loading properties from file D:\Projects\Eclipse-Projects\eclipse-workspace-iss2020ProjectBO\sprint1\it.unibo.qak20.robotroommap\Californium.properties
2021-06-26 18:39:16 INFO  RandomTokenGenerator:55 - using tokens of 8 bytes in length
2021-06-26 18:39:17 INFO  CoapEndpoint:423 - CoapEndpoint uses udp plain
2021-06-26 18:39:17 INFO  BlockwiseLayer:207 - BlockwiseLayer uses MAX_MESSAGE_SIZE=1024, PREFERRED_BLOCK_SIZE=512, BLOCKWISE_STATUS_LIFETIME=300000 and MAX_RESOURCE_BODY_SIZE=8192
2021-06-26 18:39:17 INFO  ReliabilityLayer:83 - ReliabilityLayer uses ACK_TIMEOUT=2000, ACK_RANDOM_FACTOR=1.5, and ACK_TIMEOUT_SCALE=2.0
2021-06-26 18:39:17 INFO  CoapServer:207 - Starting server
2021-06-26 18:39:17 INFO  UDPConnector:161 - UDPConnector starts up 6 sender threads and 6 receiver threads
2021-06-26 18:39:17 INFO  UDPConnector:187 - UDPConnector listening on 0.0.0.0/0.0.0.0:8030, recv buf = 65536, send buf = 65536, recv packet size = 2048
2021-06-26 18:39:17 INFO  CoapEndpoint:485 - Started endpoint at coap://0.0.0.0:8030
2021-07-17 15:15:07 INFO  NetworkConfig:372 - loading properties from file /Users/Gabriele/Eclipse-Projects/eclipse-workspace-iss2020ProjectBO/sprint1/it.unibo.qak20.robotroommap/Californium.properties
2021-07-17 15:15:07 INFO  RandomTokenGenerator:55 - using tokens of 8 bytes in length
2021-07-17 15:15:08 INFO  CoapEndpoint:423 - CoapEndpoint uses udp plain
2021-07-17 15:15:08 INFO  BlockwiseLayer:207 - BlockwiseLayer uses MAX_MESSAGE_SIZE=1024, PREFERRED_BLOCK_SIZE=512, BLOCKWISE_STATUS_LIFETIME=300000 and MAX_RESOURCE_BODY_SIZE=8192
2021-07-17 15:15:08 INFO  ReliabilityLayer:83 - ReliabilityLayer uses ACK_TIMEOUT=2000, ACK_RANDOM_FACTOR=1.5, and ACK_TIMEOUT_SCALE=2.0
2021-07-17 15:15:08 INFO  CoapServer:207 - Starting server
2021-07-17 15:15:08 INFO  UDPConnector:161 - UDPConnector starts up 6 sender threads and 6 receiver threads
2021-07-17 15:15:08 INFO  UDPConnector:187 - UDPConnector listening on 0.0.0.0/0.0.0.0:8068, recv buf = 65507, send buf = 65507, recv packet size = 2048
2021-07-17 15:15:08 INFO  CoapEndpoint:485 - Started endpoint at coap://0.0.0.0:8068
2021-07-17 15:16:36 INFO  NetworkConfig:372 - loading properties from file /Users/Gabriele/Eclipse-Projects/eclipse-workspace-iss2020ProjectBO/sprint1/it.unibo.qak20.robotroommap/Californium.properties
2021-07-17 15:16:36 INFO  RandomTokenGenerator:55 - using tokens of 8 bytes in length
2021-07-17 15:16:36 INFO  CoapEndpoint:423 - CoapEndpoint uses udp plain
2021-07-17 15:16:36 INFO  BlockwiseLayer:207 - BlockwiseLayer uses MAX_MESSAGE_SIZE=1024, PREFERRED_BLOCK_SIZE=512, BLOCKWISE_STATUS_LIFETIME=300000 and MAX_RESOURCE_BODY_SIZE=8192
2021-07-17 15:16:36 INFO  ReliabilityLayer:83 - ReliabilityLayer uses ACK_TIMEOUT=2000, ACK_RANDOM_FACTOR=1.5, and ACK_TIMEOUT_SCALE=2.0
2021-07-17 15:16:36 INFO  CoapServer:207 - Starting server
2021-07-17 15:16:36 INFO  UDPConnector:161 - UDPConnector starts up 6 sender threads and 6 receiver threads
2021-07-17 15:16:36 INFO  UDPConnector:187 - UDPConnector listening on 0.0.0.0/0.0.0.0:8030, recv buf = 65507, send buf = 65507, recv packet size = 2048
2021-07-17 15:16:36 INFO  CoapEndpoint:485 - Started endpoint at coap://0.0.0.0:8030
2021-11-06 14:43:18 INFO  NetworkConfig:372 - loading properties from file D:\Projects\Eclipse-Projects\eclipse-workspace-iss2020ProjectBO\sprint1\it.unibo.qak20.robotroommap\Californium.properties
2021-11-06 14:43:18 INFO  RandomTokenGenerator:55 - using tokens of 8 bytes in length
2021-11-06 14:43:18 INFO  CoapEndpoint:423 - CoapEndpoint uses udp plain
2021-11-06 14:43:18 INFO  BlockwiseLayer:207 - BlockwiseLayer uses MAX_MESSAGE_SIZE=1024, PREFERRED_BLOCK_SIZE=512, BLOCKWISE_STATUS_LIFETIME=300000 and MAX_RESOURCE_BODY_SIZE=8192
2021-11-06 14:43:18 INFO  ReliabilityLayer:83 - ReliabilityLayer uses ACK_TIMEOUT=2000, ACK_RANDOM_FACTOR=1.5, and ACK_TIMEOUT_SCALE=2.0
2021-11-06 14:43:18 INFO  CoapServer:207 - Starting server
2021-11-06 14:43:18 INFO  UDPConnector:161 - UDPConnector starts up 6 sender threads and 6 receiver threads
2021-11-06 14:43:18 INFO  UDPConnector:187 - UDPConnector listening on 0.0.0.0/0.0.0.0:8030, recv buf = 65536, send buf = 65536, recv packet size = 2048
2021-11-06 14:43:18 INFO  CoapEndpoint:485 - Started endpoint at coap://0.0.0.0:8030
2021-11-06 14:45:58 INFO  NetworkConfig:372 - loading properties from file D:\Projects\Eclipse-Projects\eclipse-workspace-iss2020ProjectBO\sprint1\it.unibo.qak20.robotroommap\Californium.properties
2021-11-06 14:45:59 INFO  RandomTokenGenerator:55 - using tokens of 8 bytes in length
2021-11-06 14:45:59 INFO  CoapEndpoint:423 - CoapEndpoint uses udp plain
2021-11-06 14:45:59 INFO  BlockwiseLayer:207 - BlockwiseLayer uses MAX_MESSAGE_SIZE=1024, PREFERRED_BLOCK_SIZE=512, BLOCKWISE_STATUS_LIFETIME=300000 and MAX_RESOURCE_BODY_SIZE=8192
2021-11-06 14:45:59 INFO  ReliabilityLayer:83 - ReliabilityLayer uses ACK_TIMEOUT=2000, ACK_RANDOM_FACTOR=1.5, and ACK_TIMEOUT_SCALE=2.0
2021-11-06 14:45:59 INFO  CoapServer:207 - Starting server
2021-11-06 14:45:59 INFO  CoapEndpoint:515 - Stopping endpoint at coap://0.0.0.0:8030
2021-11-06 14:45:59 ERROR CoapServer:226 - cannot start server endpoint [0.0.0.0/0.0.0.0:8030]
java.net.BindException: Address already in use: Cannot bind
	at java.net.DualStackPlainDatagramSocketImpl.socketBind(Native Method)
	at java.net.DualStackPlainDatagramSocketImpl.bind0(Unknown Source)
	at java.net.AbstractPlainDatagramSocketImpl.bind(Unknown Source)
	at java.net.DatagramSocket.bind(Unknown Source)
	at java.net.DatagramSocket.<init>(Unknown Source)
	at java.net.DatagramSocket.<init>(Unknown Source)
	at org.eclipse.californium.elements.UDPConnector.start(UDPConnector.java:144)
	at org.eclipse.californium.core.network.CoapEndpoint.start(CoapEndpoint.java:480)
	at org.eclipse.californium.core.CoapServer.start(CoapServer.java:222)
	at it.unibo.kactor.QakContext.<init>(QakContext.kt:64)
	at it.unibo.kactor.QakContext.<init>(QakContext.kt:12)
	at it.unibo.kactor.sysUtil.createTheContext(sysUtil.kt:136)
	at it.unibo.kactor.sysUtil.createContexts(sysUtil.kt:99)
	at it.unibo.kactor.QakContext$Companion.createContexts(QakContext.kt:32)
	at it.unibo.ctxmappingwalker.MainCtxmappingwalkerKt$main$1.invokeSuspend(MainCtxmappingwalker.kt:8)
	at kotlin.coroutines.jvm.internal.BaseContinuationImpl.resumeWith(ContinuationImpl.kt:33)
	at kotlinx.coroutines.DispatchedTask.run(Dispatched.kt:233)
	at kotlinx.coroutines.EventLoopImplBase.processNextEvent(EventLoop.kt:116)
	at kotlinx.coroutines.BlockingCoroutine.joinBlocking(Builders.kt:76)
	at kotlinx.coroutines.BuildersKt__BuildersKt.runBlocking(Builders.kt:53)
	at kotlinx.coroutines.BuildersKt.runBlocking(Unknown Source)
	at kotlinx.coroutines.BuildersKt__BuildersKt.runBlocking$default(Builders.kt:35)
	at kotlinx.coroutines.BuildersKt.runBlocking$default(Unknown Source)
	at it.unibo.ctxmappingwalker.MainCtxmappingwalkerKt.main(MainCtxmappingwalker.kt:7)
	at it.unibo.ctxmappingwalker.MainCtxmappingwalkerKt.main(MainCtxmappingwalker.kt)
2021-11-06 14:49:36 INFO  NetworkConfig:372 - loading properties from file D:\Projects\Eclipse-Projects\eclipse-workspace-iss2020ProjectBO\sprint1\it.unibo.qak20.robotroommap\Californium.properties
2021-11-06 14:49:37 INFO  RandomTokenGenerator:55 - using tokens of 8 bytes in length
2021-11-06 14:49:37 INFO  CoapEndpoint:423 - CoapEndpoint uses udp plain
2021-11-06 14:49:37 INFO  BlockwiseLayer:207 - BlockwiseLayer uses MAX_MESSAGE_SIZE=1024, PREFERRED_BLOCK_SIZE=512, BLOCKWISE_STATUS_LIFETIME=300000 and MAX_RESOURCE_BODY_SIZE=8192
2021-11-06 14:49:37 INFO  ReliabilityLayer:83 - ReliabilityLayer uses ACK_TIMEOUT=2000, ACK_RANDOM_FACTOR=1.5, and ACK_TIMEOUT_SCALE=2.0
2021-11-06 14:49:37 INFO  CoapServer:207 - Starting server
2021-11-06 14:49:37 INFO  CoapEndpoint:515 - Stopping endpoint at coap://0.0.0.0:8030
2021-11-06 14:49:37 ERROR CoapServer:226 - cannot start server endpoint [0.0.0.0/0.0.0.0:8030]
java.net.BindException: Address already in use: Cannot bind
	at java.net.DualStackPlainDatagramSocketImpl.socketBind(Native Method)
	at java.net.DualStackPlainDatagramSocketImpl.bind0(Unknown Source)
	at java.net.AbstractPlainDatagramSocketImpl.bind(Unknown Source)
	at java.net.DatagramSocket.bind(Unknown Source)
	at java.net.DatagramSocket.<init>(Unknown Source)
	at java.net.DatagramSocket.<init>(Unknown Source)
	at org.eclipse.californium.elements.UDPConnector.start(UDPConnector.java:144)
	at org.eclipse.californium.core.network.CoapEndpoint.start(CoapEndpoint.java:480)
	at org.eclipse.californium.core.CoapServer.start(CoapServer.java:222)
	at it.unibo.kactor.QakContext.<init>(QakContext.kt:64)
	at it.unibo.kactor.QakContext.<init>(QakContext.kt:12)
	at it.unibo.kactor.sysUtil.createTheContext(sysUtil.kt:136)
	at it.unibo.kactor.sysUtil.createContexts(sysUtil.kt:99)
	at it.unibo.kactor.QakContext$Companion.createContexts(QakContext.kt:32)
	at it.unibo.ctxmappingwalker.MainCtxmappingwalkerKt$main$1.invokeSuspend(MainCtxmappingwalker.kt:8)
	at kotlin.coroutines.jvm.internal.BaseContinuationImpl.resumeWith(ContinuationImpl.kt:33)
	at kotlinx.coroutines.DispatchedTask.run(Dispatched.kt:233)
	at kotlinx.coroutines.EventLoopImplBase.processNextEvent(EventLoop.kt:116)
	at kotlinx.coroutines.BlockingCoroutine.joinBlocking(Builders.kt:76)
	at kotlinx.coroutines.BuildersKt__BuildersKt.runBlocking(Builders.kt:53)
	at kotlinx.coroutines.BuildersKt.runBlocking(Unknown Source)
	at kotlinx.coroutines.BuildersKt__BuildersKt.runBlocking$default(Builders.kt:35)
	at kotlinx.coroutines.BuildersKt.runBlocking$default(Unknown Source)
	at it.unibo.ctxmappingwalker.MainCtxmappingwalkerKt.main(MainCtxmappingwalker.kt:7)
	at it.unibo.ctxmappingwalker.MainCtxmappingwalkerKt.main(MainCtxmappingwalker.kt)
2021-11-06 14:50:14 INFO  NetworkConfig:372 - loading properties from file D:\Projects\Eclipse-Projects\eclipse-workspace-iss2020ProjectBO\sprint1\it.unibo.qak20.robotroommap\Californium.properties
2021-11-06 14:50:15 INFO  RandomTokenGenerator:55 - using tokens of 8 bytes in length
2021-11-06 14:50:15 INFO  CoapEndpoint:423 - CoapEndpoint uses udp plain
2021-11-06 14:50:15 INFO  BlockwiseLayer:207 - BlockwiseLayer uses MAX_MESSAGE_SIZE=1024, PREFERRED_BLOCK_SIZE=512, BLOCKWISE_STATUS_LIFETIME=300000 and MAX_RESOURCE_BODY_SIZE=8192
2021-11-06 14:50:15 INFO  ReliabilityLayer:83 - ReliabilityLayer uses ACK_TIMEOUT=2000, ACK_RANDOM_FACTOR=1.5, and ACK_TIMEOUT_SCALE=2.0
2021-11-06 14:50:15 INFO  CoapServer:207 - Starting server
2021-11-06 14:50:15 INFO  CoapEndpoint:515 - Stopping endpoint at coap://0.0.0.0:8030
2021-11-06 14:50:15 ERROR CoapServer:226 - cannot start server endpoint [0.0.0.0/0.0.0.0:8030]
java.net.BindException: Address already in use: Cannot bind
	at java.net.DualStackPlainDatagramSocketImpl.socketBind(Native Method)
	at java.net.DualStackPlainDatagramSocketImpl.bind0(Unknown Source)
	at java.net.AbstractPlainDatagramSocketImpl.bind(Unknown Source)
	at java.net.DatagramSocket.bind(Unknown Source)
	at java.net.DatagramSocket.<init>(Unknown Source)
	at java.net.DatagramSocket.<init>(Unknown Source)
	at org.eclipse.californium.elements.UDPConnector.start(UDPConnector.java:144)
	at org.eclipse.californium.core.network.CoapEndpoint.start(CoapEndpoint.java:480)
	at org.eclipse.californium.core.CoapServer.start(CoapServer.java:222)
	at it.unibo.kactor.QakContext.<init>(QakContext.kt:64)
	at it.unibo.kactor.QakContext.<init>(QakContext.kt:12)
	at it.unibo.kactor.sysUtil.createTheContext(sysUtil.kt:136)
	at it.unibo.kactor.sysUtil.createContexts(sysUtil.kt:99)
	at it.unibo.kactor.QakContext$Companion.createContexts(QakContext.kt:32)
	at it.unibo.ctxmappingwalker.MainCtxmappingwalkerKt$main$1.invokeSuspend(MainCtxmappingwalker.kt:8)
	at kotlin.coroutines.jvm.internal.BaseContinuationImpl.resumeWith(ContinuationImpl.kt:33)
	at kotlinx.coroutines.DispatchedTask.run(Dispatched.kt:233)
	at kotlinx.coroutines.EventLoopImplBase.processNextEvent(EventLoop.kt:116)
	at kotlinx.coroutines.BlockingCoroutine.joinBlocking(Builders.kt:76)
	at kotlinx.coroutines.BuildersKt__BuildersKt.runBlocking(Builders.kt:53)
	at kotlinx.coroutines.BuildersKt.runBlocking(Unknown Source)
	at kotlinx.coroutines.BuildersKt__BuildersKt.runBlocking$default(Builders.kt:35)
	at kotlinx.coroutines.BuildersKt.runBlocking$default(Unknown Source)
	at it.unibo.ctxmappingwalker.MainCtxmappingwalkerKt.main(MainCtxmappingwalker.kt:7)
	at it.unibo.ctxmappingwalker.MainCtxmappingwalkerKt.main(MainCtxmappingwalker.kt)
2021-11-06 14:52:10 INFO  NetworkConfig:372 - loading properties from file D:\Projects\Eclipse-Projects\eclipse-workspace-iss2020ProjectBO\sprint1\it.unibo.qak20.robotroommap\Californium.properties
2021-11-06 14:52:11 INFO  RandomTokenGenerator:55 - using tokens of 8 bytes in length
2021-11-06 14:52:11 INFO  CoapEndpoint:423 - CoapEndpoint uses udp plain
2021-11-06 14:52:11 INFO  BlockwiseLayer:207 - BlockwiseLayer uses MAX_MESSAGE_SIZE=1024, PREFERRED_BLOCK_SIZE=512, BLOCKWISE_STATUS_LIFETIME=300000 and MAX_RESOURCE_BODY_SIZE=8192
2021-11-06 14:52:11 INFO  ReliabilityLayer:83 - ReliabilityLayer uses ACK_TIMEOUT=2000, ACK_RANDOM_FACTOR=1.5, and ACK_TIMEOUT_SCALE=2.0
2021-11-06 14:52:11 INFO  CoapServer:207 - Starting server
2021-11-06 14:52:11 INFO  CoapEndpoint:515 - Stopping endpoint at coap://0.0.0.0:8030
2021-11-06 14:52:11 ERROR CoapServer:226 - cannot start server endpoint [0.0.0.0/0.0.0.0:8030]
java.net.BindException: Address already in use: Cannot bind
	at java.net.DualStackPlainDatagramSocketImpl.socketBind(Native Method)
	at java.net.DualStackPlainDatagramSocketImpl.bind0(Unknown Source)
	at java.net.AbstractPlainDatagramSocketImpl.bind(Unknown Source)
	at java.net.DatagramSocket.bind(Unknown Source)
	at java.net.DatagramSocket.<init>(Unknown Source)
	at java.net.DatagramSocket.<init>(Unknown Source)
	at org.eclipse.californium.elements.UDPConnector.start(UDPConnector.java:144)
	at org.eclipse.californium.core.network.CoapEndpoint.start(CoapEndpoint.java:480)
	at org.eclipse.californium.core.CoapServer.start(CoapServer.java:222)
	at it.unibo.kactor.QakContext.<init>(QakContext.kt:64)
	at it.unibo.kactor.QakContext.<init>(QakContext.kt:12)
	at it.unibo.kactor.sysUtil.createTheContext(sysUtil.kt:136)
	at it.unibo.kactor.sysUtil.createContexts(sysUtil.kt:99)
	at it.unibo.kactor.QakContext$Companion.createContexts(QakContext.kt:32)
	at it.unibo.ctxmappingwalker.MainCtxmappingwalkerKt$main$1.invokeSuspend(MainCtxmappingwalker.kt:8)
	at kotlin.coroutines.jvm.internal.BaseContinuationImpl.resumeWith(ContinuationImpl.kt:33)
	at kotlinx.coroutines.DispatchedTask.run(Dispatched.kt:233)
	at kotlinx.coroutines.EventLoopImplBase.processNextEvent(EventLoop.kt:116)
	at kotlinx.coroutines.BlockingCoroutine.joinBlocking(Builders.kt:76)
	at kotlinx.coroutines.BuildersKt__BuildersKt.runBlocking(Builders.kt:53)
	at kotlinx.coroutines.BuildersKt.runBlocking(Unknown Source)
	at kotlinx.coroutines.BuildersKt__BuildersKt.runBlocking$default(Builders.kt:35)
	at kotlinx.coroutines.BuildersKt.runBlocking$default(Unknown Source)
	at it.unibo.ctxmappingwalker.MainCtxmappingwalkerKt.main(MainCtxmappingwalker.kt:7)
	at it.unibo.ctxmappingwalker.MainCtxmappingwalkerKt.main(MainCtxmappingwalker.kt)
2021-11-06 14:53:00 INFO  NetworkConfig:372 - loading properties from file D:\Projects\Eclipse-Projects\eclipse-workspace-iss2020ProjectBO\sprint1\it.unibo.qak20.robotroommap\Californium.properties
2021-11-06 14:53:01 INFO  RandomTokenGenerator:55 - using tokens of 8 bytes in length
2021-11-06 14:53:01 INFO  CoapEndpoint:423 - CoapEndpoint uses udp plain
2021-11-06 14:53:01 INFO  BlockwiseLayer:207 - BlockwiseLayer uses MAX_MESSAGE_SIZE=1024, PREFERRED_BLOCK_SIZE=512, BLOCKWISE_STATUS_LIFETIME=300000 and MAX_RESOURCE_BODY_SIZE=8192
2021-11-06 14:53:01 INFO  ReliabilityLayer:83 - ReliabilityLayer uses ACK_TIMEOUT=2000, ACK_RANDOM_FACTOR=1.5, and ACK_TIMEOUT_SCALE=2.0
2021-11-06 14:53:01 INFO  CoapServer:207 - Starting server
2021-11-06 14:53:01 INFO  CoapEndpoint:515 - Stopping endpoint at coap://0.0.0.0:8030
2021-11-06 14:53:01 ERROR CoapServer:226 - cannot start server endpoint [0.0.0.0/0.0.0.0:8030]
java.net.BindException: Address already in use: Cannot bind
	at java.net.DualStackPlainDatagramSocketImpl.socketBind(Native Method)
	at java.net.DualStackPlainDatagramSocketImpl.bind0(Unknown Source)
	at java.net.AbstractPlainDatagramSocketImpl.bind(Unknown Source)
	at java.net.DatagramSocket.bind(Unknown Source)
	at java.net.DatagramSocket.<init>(Unknown Source)
	at java.net.DatagramSocket.<init>(Unknown Source)
	at org.eclipse.californium.elements.UDPConnector.start(UDPConnector.java:144)
	at org.eclipse.californium.core.network.CoapEndpoint.start(CoapEndpoint.java:480)
	at org.eclipse.californium.core.CoapServer.start(CoapServer.java:222)
	at it.unibo.kactor.QakContext.<init>(QakContext.kt:64)
	at it.unibo.kactor.QakContext.<init>(QakContext.kt:12)
	at it.unibo.kactor.sysUtil.createTheContext(sysUtil.kt:136)
	at it.unibo.kactor.sysUtil.createContexts(sysUtil.kt:99)
	at it.unibo.kactor.QakContext$Companion.createContexts(QakContext.kt:32)
	at it.unibo.ctxmappingwalker.MainCtxmappingwalkerKt$main$1.invokeSuspend(MainCtxmappingwalker.kt:8)
	at kotlin.coroutines.jvm.internal.BaseContinuationImpl.resumeWith(ContinuationImpl.kt:33)
	at kotlinx.coroutines.DispatchedTask.run(Dispatched.kt:233)
	at kotlinx.coroutines.EventLoopImplBase.processNextEvent(EventLoop.kt:116)
	at kotlinx.coroutines.BlockingCoroutine.joinBlocking(Builders.kt:76)
	at kotlinx.coroutines.BuildersKt__BuildersKt.runBlocking(Builders.kt:53)
	at kotlinx.coroutines.BuildersKt.runBlocking(Unknown Source)
	at kotlinx.coroutines.BuildersKt__BuildersKt.runBlocking$default(Builders.kt:35)
	at kotlinx.coroutines.BuildersKt.runBlocking$default(Unknown Source)
	at it.unibo.ctxmappingwalker.MainCtxmappingwalkerKt.main(MainCtxmappingwalker.kt:7)
	at it.unibo.ctxmappingwalker.MainCtxmappingwalkerKt.main(MainCtxmappingwalker.kt)
